<?xml version="1.0" encoding="UTF-8"?>
<!-- Generated by org.testng.reporters.JUnitReportReporter -->
<testsuite hostname="Dell-Laptop" name="com.sqa.na.testng.GroupTest" tests="1" failures="0" timestamp="7 Jan 2016 04:57:04 GMT" time="0.023" errors="0">
  <testcase name="assertTrue" time="0.023" classname="com.sqa.na.testng.GroupTest"/>
</testsuite> <!-- com.sqa.na.testng.GroupTest -->
