<?xml version="1.0" encoding="UTF-8"?>
<!-- Generated by org.testng.reporters.JUnitReportReporter -->
<testsuite hostname="Dell-Laptop" name="com.sqa.na.testng.AssertTest" tests="8" failures="0" timestamp="7 Jan 2016 04:22:01 GMT" time="0.013" errors="0">
  <testcase name="assertNotEquals" time="0.003" classname="com.sqa.na.testng.AssertTest"/>
  <testcase name="assertSame" time="0.001" classname="com.sqa.na.testng.AssertTest"/>
  <testcase name="assertEquals" time="0.003" classname="com.sqa.na.testng.AssertTest"/>
  <testcase name="assertNull" time="0.001" classname="com.sqa.na.testng.AssertTest"/>
  <testcase name="assertTrue" time="0.002" classname="com.sqa.na.testng.AssertTest"/>
  <testcase name="assertFalse" time="0.001" classname="com.sqa.na.testng.AssertTest"/>
  <testcase name="assertNotNull" time="0.001" classname="com.sqa.na.testng.AssertTest"/>
  <testcase name="assertNotSame" time="0.001" classname="com.sqa.na.testng.AssertTest"/>
</testsuite> <!-- com.sqa.na.testng.AssertTest -->
