<?xml version="1.0" encoding="UTF-8"?>
<!-- Generated by org.testng.reporters.JUnitReportReporter -->
<testsuite hostname="Dell-Laptop" name="com.sqa.na.testng.CalculateTest" tests="5" failures="0" timestamp="8 Jan 2016 02:50:42 GMT" time="0.037" errors="0">
  <testcase name="f" time="0.001" classname="com.sqa.na.testng.CalculateTest"/>
  <testcase name="f" time="0.004" classname="com.sqa.na.testng.CalculateTest"/>
  <testcase name="f" time="0.001" classname="com.sqa.na.testng.CalculateTest"/>
  <testcase name="f" time="0.027" classname="com.sqa.na.testng.CalculateTest"/>
  <testcase name="f" time="0.004" classname="com.sqa.na.testng.CalculateTest"/>
</testsuite> <!-- com.sqa.na.testng.CalculateTest -->
