<?xml version="1.0" encoding="UTF-8"?>
<!-- Generated by org.testng.reporters.JUnitReportReporter -->
<testsuite hostname="Dell-Laptop" name="com.sqa.na.testng.AnnotationTest" tests="5" failures="0" timestamp="7 Jan 2016 04:22:01 GMT" time="0.018" errors="0">
  <testcase name="f" time="0.009" classname="com.sqa.na.testng.AnnotationTest"/>
  <testcase name="f3" time="0.002" classname="com.sqa.na.testng.AnnotationTest"/>
  <testcase name="f5" time="0.002" classname="com.sqa.na.testng.AnnotationTest"/>
  <testcase name="f2" time="0.002" classname="com.sqa.na.testng.AnnotationTest"/>
  <testcase name="f4" time="0.003" classname="com.sqa.na.testng.AnnotationTest"/>
</testsuite> <!-- com.sqa.na.testng.AnnotationTest -->
